<?xml version="1.0" encoding="UTF-8"?>
<testng-results ignored="0" total="2" passed="2" failed="0" skipped="0">
  <reporter-output>
  </reporter-output>
  <suite started-at="2024-11-27T20:10:32 IST" name="Suite" finished-at="2024-11-27T20:10:42 IST" duration-ms="9660">
    <groups>
      <group name="Master">
        <method signature="TC001_AccountRegistrationTest.AccountRegistration()[pri:0, instance:testCases.TC001_AccountRegistrationTest@5ddf0d24]" name="AccountRegistration" class="testCases.TC001_AccountRegistrationTest"/>
        <method signature="TC002_LoginTest.Verify_LoginTest()[pri:0, instance:testCases.TC002_LoginTest@5f9be66c]" name="Verify_LoginTest" class="testCases.TC002_LoginTest"/>
      </group> <!-- Master -->
      <group name="Sanity">
        <method signature="TC002_LoginTest.Verify_LoginTest()[pri:0, instance:testCases.TC002_LoginTest@5f9be66c]" name="Verify_LoginTest" class="testCases.TC002_LoginTest"/>
      </group> <!-- Sanity -->
      <group name="Regression">
        <method signature="TC001_AccountRegistrationTest.AccountRegistration()[pri:0, instance:testCases.TC001_AccountRegistrationTest@5ddf0d24]" name="AccountRegistration" class="testCases.TC001_AccountRegistrationTest"/>
      </group> <!-- Regression -->
    </groups>
    <test started-at="2024-11-27T20:10:32 IST" name="Test" finished-at="2024-11-27T20:10:42 IST" duration-ms="9660">
      <class name="testCases.TC002_LoginTest">
        <test-method is-config="true" signature="Setup(java.lang.String,java.lang.String)[pri:0, instance:testCases.TC002_LoginTest@5f9be66c]" started-at="2024-11-27T20:10:38 IST" name="Setup" finished-at="2024-11-27T20:10:40 IST" duration-ms="2564" status="PASS">
          <params>
            <param index="0">
              <value>
                <![CDATA[windows]]>
              </value>
            </param>
            <param index="1">
              <value>
                <![CDATA[chrome]]>
              </value>
            </param>
          </params>
          <reporter-output>
          </reporter-output>
        </test-method> <!-- Setup -->
        <test-method signature="Verify_LoginTest()[pri:0, instance:testCases.TC002_LoginTest@5f9be66c]" started-at="2024-11-27T20:10:40 IST" name="Verify_LoginTest" finished-at="2024-11-27T20:10:42 IST" duration-ms="1469" status="PASS">
          <reporter-output>
          </reporter-output>
        </test-method> <!-- Verify_LoginTest -->
        <test-method is-config="true" signature="tearDown()[pri:0, instance:testCases.TC002_LoginTest@5f9be66c]" started-at="2024-11-27T20:10:42 IST" name="tearDown" finished-at="2024-11-27T20:10:42 IST" duration-ms="215" status="PASS">
          <reporter-output>
          </reporter-output>
        </test-method> <!-- tearDown -->
      </class> <!-- testCases.TC002_LoginTest -->
      <class name="testCases.TC001_AccountRegistrationTest">
        <test-method is-config="true" signature="Setup(java.lang.String,java.lang.String)[pri:0, instance:testCases.TC001_AccountRegistrationTest@5ddf0d24]" started-at="2024-11-27T20:10:33 IST" name="Setup" finished-at="2024-11-27T20:10:36 IST" duration-ms="2870" status="PASS">
          <params>
            <param index="0">
              <value>
                <![CDATA[windows]]>
              </value>
            </param>
            <param index="1">
              <value>
                <![CDATA[chrome]]>
              </value>
            </param>
          </params>
          <reporter-output>
          </reporter-output>
        </test-method> <!-- Setup -->
        <test-method signature="AccountRegistration()[pri:0, instance:testCases.TC001_AccountRegistrationTest@5ddf0d24]" started-at="2024-11-27T20:10:36 IST" name="AccountRegistration" finished-at="2024-11-27T20:10:38 IST" duration-ms="2113" status="PASS">
          <reporter-output>
          </reporter-output>
        </test-method> <!-- AccountRegistration -->
        <test-method is-config="true" signature="tearDown()[pri:0, instance:testCases.TC001_AccountRegistrationTest@5ddf0d24]" started-at="2024-11-27T20:10:38 IST" name="tearDown" finished-at="2024-11-27T20:10:38 IST" duration-ms="213" status="PASS">
          <reporter-output>
          </reporter-output>
        </test-method> <!-- tearDown -->
      </class> <!-- testCases.TC001_AccountRegistrationTest -->
    </test> <!-- Test -->
  </suite> <!-- Suite -->
</testng-results>
